[2025-07-13 02:16:16.463439] Input: ""
[2025-07-13 02:16:16.464192] Input: ""
[2025-08-10 03:03:37.827871] Input: "find all hidden files from /usr/bin"
  → Command: ls /usr/local
  → Status: SKIPPED

[2025-08-10 03:03:52.465353] Input: "kill a process"
  → Command: top
  → Status: SKIPPED

[2025-08-10 03:04:21.140901] Input: "run a cpp program named hello.c"
  → Command: find . -name '*.c'
  → Status: SKIPPED

[2025-08-10 03:04:43.778619] Input: "list all files"
  → Command: ls .
  → Status: SKIPPED

[2025-08-10 03:04:56.486622] Input: "find ip address"
  → Command: netstat -tuln
  → Status: EXECUTED

[2025-08-10 03:05:37.409368] Input: "get hardware configuration"
  → Command: grep -r 'kernel' /etc
  → Status: EXECUTED

